c:\2019 spring\s19 - 021 - live\hw\9\cis021_s2019_hw9\cis021_s2019_hw9\debug\cis021_s2019_hw9.pch
c:\2019 spring\s19 - 021 - live\hw\9\cis021_s2019_hw9\cis021_s2019_hw9\debug\vc140.pdb
c:\2019 spring\s19 - 021 - live\hw\9\cis021_s2019_hw9\cis021_s2019_hw9\debug\vc140.idb
c:\2019 spring\s19 - 021 - live\hw\9\cis021_s2019_hw9\cis021_s2019_hw9\debug\stdafx.obj
c:\2019 spring\s19 - 021 - live\hw\9\cis021_s2019_hw9\cis021_s2019_hw9\debug\cis021_s2019_hw9.obj
c:\2019 spring\s19 - 021 - live\hw\9\cis021_s2019_hw9\cis021_s2019_hw9\debug\carobject.obj
c:\2019 spring\s19 - 021 - live\hw\9\cis021_s2019_hw9\cis021_s2019_hw9\debug\carclass.obj
c:\2019 spring\s19 - 021 - live\hw\9\cis021_s2019_hw9\cis021_s2019_hw9\debug\lightsclass.obj
c:\2019 spring\s19 - 021 - live\hw\9\cis021_s2019_hw9\debug\cis021_s2019_hw9.ilk
c:\2019 spring\s19 - 021 - live\hw\9\cis021_s2019_hw9\debug\cis021_s2019_hw9.exe
c:\2019 spring\s19 - 021 - live\hw\9\cis021_s2019_hw9\debug\cis021_s2019_hw9.pdb
c:\2019 spring\s19 - 021 - live\hw\9\cis021_s2019_hw9\cis021_s2019_hw9\debug\cis021_s2019_hw9.res
c:\2019 spring\s19 - 021 - live\hw\9\cis021_s2019_hw9\cis021_s2019_hw9\debug\cis021_s2019_hw9.tlog\cl.command.1.tlog
c:\2019 spring\s19 - 021 - live\hw\9\cis021_s2019_hw9\cis021_s2019_hw9\debug\cis021_s2019_hw9.tlog\cl.read.1.tlog
c:\2019 spring\s19 - 021 - live\hw\9\cis021_s2019_hw9\cis021_s2019_hw9\debug\cis021_s2019_hw9.tlog\cl.write.1.tlog
c:\2019 spring\s19 - 021 - live\hw\9\cis021_s2019_hw9\cis021_s2019_hw9\debug\cis021_s2019_hw9.tlog\link.command.1.tlog
c:\2019 spring\s19 - 021 - live\hw\9\cis021_s2019_hw9\cis021_s2019_hw9\debug\cis021_s2019_hw9.tlog\link.read.1.tlog
c:\2019 spring\s19 - 021 - live\hw\9\cis021_s2019_hw9\cis021_s2019_hw9\debug\cis021_s2019_hw9.tlog\link.write.1.tlog
c:\2019 spring\s19 - 021 - live\hw\9\cis021_s2019_hw9\cis021_s2019_hw9\debug\cis021_s2019_hw9.tlog\rc.command.1.tlog
c:\2019 spring\s19 - 021 - live\hw\9\cis021_s2019_hw9\cis021_s2019_hw9\debug\cis021_s2019_hw9.tlog\rc.read.1.tlog
c:\2019 spring\s19 - 021 - live\hw\9\cis021_s2019_hw9\cis021_s2019_hw9\debug\cis021_s2019_hw9.tlog\rc.write.1.tlog
